1DMUAI                       Multivariate Mixed Model Package                   0-00-0000 - 00:00:00

                   AI-REML -- Newton-Fisher REML Estimation 
                                                            
              Method to update parameters ..................           1
               (AI-REML with EM crash recovery, FSPAK)      
              Convergence criteria norm of update vec. .....  1.0000000000E-07
              Convergence criteria norm of gradient vec. ...  1.0000000000E-06
              EM-step size (only used if imet = x1) ........          10
              Print of solutions ...........................           1
              FSPAK option (speed optimized) ...............           0
                                                            
                                                            
              No. of parameters in Likelihood Function (L) .          3
                                                            
                            Initial Parameter vector for L  
                                                            
                                 No         Parameter       
                                  1     1.00000000000000    
                                  2     1.00000000000000    
                                  3     1.00000000000000    
                                                            
                                                            
              SIZE AND STRUCTURE OF MIXED MODEL EQUATIONS   
                                                            
                                                            
              No of equations in system ....................       5279
              No of fixed equations ........................          6
              No of random equations .......................       5273
              No of non-zero elements in MME................      22428
              No of restriction assumed ....................          1
              Rank of MME ..................................       5278
              No of elements needed in FSPAK work-vector ...     311258
                                                            
                                                            
              TIMING (IN SEC.) FOR FIRST EVALUATION         
                                                            
              Time to set up MME ...........................          0
              Time to organize MME in IA, JA, A form .......          0
              Time to solve MME ............................          0
              Time to calculate sparse inverse of LHS ......          0
              Time to setup first and second Derivative ....          0
              Total time for current evaluation ............          0
1DMUAI                       Multivariate Mixed Model Package                  17-07-2023 - 15:20:28

                                                            
                             SUMMARY OF MINIMIZATION PROCESS
                                                            
 Eval Criterion    !!Delta!!   !!Gradient!!                   Parameters
 ---- ---------     ---------  ------------ |------------------------------------------
   1   364555.     0.9992        12.84      |    1.9987        1.9995        1.9993    
  
   2   182719.      1.996        25.64      |    3.9921        3.9968        3.9960    
  
   3   91902.6      3.982        51.14      |    7.9634        7.9852        7.9811    
  
   4   46596.4      7.923        101.7      |    15.844        15.937        15.919    
  
   5   24045.0      15.69        201.3      |    31.358        31.739        31.668    
  
   6   12870.3      30.76        394.0      |    61.422        62.942        62.658    
  
   7   7382.81      59.12        755.0      |    117.86        123.77        122.66    
  
   8   4736.56      109.3        1386.      |    217.22        239.28        235.08    
  
   9   3506.38      187.6        2338.      |    370.58        447.18        432.23    
  
  10   2975.63      280.1        3339.      |    549.78        781.82        734.40    
  
  11   2779.37      324.7        3461.      |    657.62        1207.6        1085.6    
  
  12   2726.90      233.5        1988.      |    645.34        1539.7        1316.1    
  
  13   2719.87      63.72        417.7      |    629.31        1639.3        1360.7    
  
  14   2719.65      4.026        16.46      |    631.37        1645.5        1358.3    
  
  15   2719.65     0.2733       0.1932      |    631.24        1645.9        1358.1    
  
  16   2719.65     0.2280E-01   0.1469E-01  |    631.25        1646.0        1358.1    
  
  17   2719.65     0.1800E-02   0.1325E-02  |    631.25        1646.0        1358.1    
  
  18   2719.65     0.1551E-03   0.9937E-04  |    631.25        1646.0        1358.1    
  
  19   2719.65     0.1243E-04   0.9400E-05  |    631.25        1646.0        1358.1    
  
  20   2719.65     0.1114E-05   0.7179E-06  |    631.25        1646.0        1358.1    
  
1DMUAI                       Multivariate Mixed Model Package                  17-07-2023 - 15:20:28

  
                Converged on norm of gradient vector        
                                                            
           -2LogL ..........................................  2.7196466713E+03 + constant
                                                            
           Norm of update vector ...........................  1.1141446664E-06
                                                            
           Norm of Gradient    .............................  7.1794202454E-07
           (weighed by SD, divided by # parameters)         
                                                            
  
  
                           Model Statistics                 
                           ----------------                 
  
             Deviance ......................................   163992.1093    
             Scaled Deviance ...............................   120.7532598    
             Pearson Chi-Square ............................ -0.1322291610E-08
             Scaled Pearson Chi-Square ..................... -0.9736465106E-12
             Degree of freedom for fixed effects ...........             6
             Scaled Pearson Chi-Square .....................   27332.01822    
                                                            
                                                            
                          Estimated (co)-variance components
                          ----------------------------------
                                                            
             Parameter vector for L at convergence          
             Asymptotic SE based on AI-information matrix   
                                                            
               No          Parameter             Asymp. S.E.
                                                            
                1           631.254               528.569    
                2           1645.97               552.009    
                3           1358.08               522.728    
                                                            
                                                            
               Asymp. correlation matrix of parameter vector
                                                            
         1        2        3
    1   1.0000
    2  -0.3301   1.0000
    3  -0.4978  -0.5067   1.0000
  
                                                            
                                                            
1DMUAI                       Multivariate Mixed Model Package                  17-07-2023 - 15:20:28

  
   FINAL PARAMETERS ESTIMATED
  
  
  
   Covariance matrix for random effect no:            1
  
               1
     1      631.2538343
  
  
  
   Covariance matrix for random effect no:            2
  
               1
     1     1645.9710112
  
  
  
   Residual co-variance matrix   
  
               1
     1     1358.0760436
  
  
  
  
  
    Empirical BLUE (E_BLUE) for fixed and BLUP (E_BLUP) for random effects
  
  
  
   First 250 equations for Trait: Trait1    Fixed Effect: Sex     
  
           Code     N-obs           Eq-no             E_BLUE               SE                                  
              1        31               1            630.888             14.9691    
              2       269               2            625.416             12.4768    
  
   First 250 equations for Trait: Trait1    Fixed Effect: Herd_Yea
  
           Code     N-obs           Eq-no             E_BLUE               SE                                  
              1        76               3            35.9196             13.5307    
              2       148               4            14.4616             12.8488    
              3        47               5            15.8269             14.7015    
              4        29               6            0.00000             0.00000    
  
  First 250 Animal equations for Random Factor   1 (variance structure: A(x)G0)                                                                       
  
           Code  N-obs Number   Trait       Eq-no         E_BLUP                 SEP                           
              1      0   1      Trait1          7         0.00000             0.00000    
              2      0   1      Trait1          8         0.00000             0.00000    
              3      0   1      Trait1          9         0.00000             0.00000    
              4      0   1      Trait1         10         0.00000             0.00000    
              5      0   1      Trait1         11         0.00000             0.00000    
              6      0   1      Trait1         12         0.00000             0.00000    
              7      0   1      Trait1         13         0.00000             0.00000    
              8      0   1      Trait1         14         0.00000             0.00000    
              9      0   1      Trait1         15         0.00000             0.00000    
             10      0   1      Trait1         16         0.00000             0.00000    
             11      0   1      Trait1         17         0.00000             0.00000    
             12      0   1      Trait1         18         0.00000             0.00000    
             13      0   1      Trait1         19         0.00000             0.00000    
             14      0   1      Trait1         20         0.00000             0.00000    
             15      0   1      Trait1         21         0.00000             0.00000    
             16      0   1      Trait1         22         0.00000             0.00000    
             17      0   1      Trait1         23         0.00000             0.00000    
             18      0   1      Trait1         24         0.00000             0.00000    
             19      0   1      Trait1         25         0.00000             0.00000    
             20      0   1      Trait1         26         0.00000             0.00000    
             21      0   1      Trait1         27         0.00000             0.00000    
             22      0   1      Trait1         28         0.00000             0.00000    
             23      0   1      Trait1         29         0.00000             0.00000    
             24      0   1      Trait1         30         0.00000             0.00000    
             25      0   1      Trait1         31         0.00000             0.00000    
             26      0   1      Trait1         32         0.00000             0.00000    
             27      0   1      Trait1         33         0.00000             0.00000    
             28      0   1      Trait1         34         0.00000             0.00000    
1DMUAI                       Multivariate Mixed Model Package                  17-07-2023 - 15:20:28

           Code  N-obs Number   Trait       Eq-no         E_BLUP                 SEP                           
             29      0   1      Trait1         35         0.00000             0.00000    
             30      0   1      Trait1         36         0.00000             0.00000    
             31      0   1      Trait1         37         0.00000             0.00000    
             32      0   1      Trait1         38         0.00000             0.00000    
             33      0   1      Trait1         39         0.00000             0.00000    
             34      0   1      Trait1         40         0.00000             0.00000    
             35      0   1      Trait1         41         0.00000             0.00000    
             36      0   1      Trait1         42         0.00000             0.00000    
             37      0   1      Trait1         43         0.00000             0.00000    
             38      0   1      Trait1         44         0.00000             0.00000    
             39      0   1      Trait1         45         0.00000             0.00000    
             40      0   1      Trait1         46         0.00000             0.00000    
             41      0   1      Trait1         47        0.160809             24.7592    
             42      0   1      Trait1         48         12.7985             23.6323    
             43      0   1      Trait1         49         8.31468             24.1104    
             44      0   1      Trait1         50         2.81101             23.5429    
             45      0   1      Trait1         51         4.24267             24.8649    
             46      0   1      Trait1         52         2.44263             24.9118    
             47      0   1      Trait1         53        -20.0906             22.8455    
             48      0   1      Trait1         54        -4.87150             24.8532    
             49      0   1      Trait1         55        -5.51605             24.5321    
             50      0   1      Trait1         56        0.490546             24.8558    
             51      0   1      Trait1         57         11.4802             21.5254    
             52      0   1      Trait1         58        -7.38478             22.6415    
             53      0   1      Trait1         59        -7.72785             20.8094    
             54      0   1      Trait1         60        -3.61089             24.9885    
             55      0   1      Trait1         61        -8.29151             21.0406    
             56      0   1      Trait1         62        -1.77544             24.4572    
             57      0   1      Trait1         63         6.71042             22.1397    
             58      0   1      Trait1         64        -7.58737             22.3960    
             59      0   1      Trait1         65         0.00000             0.00000    
             60      0   1      Trait1         66         0.00000             0.00000    
             61      0   1      Trait1         67        0.987141             24.8529    
             62      0   1      Trait1         68        0.992799             25.0563    
             63      0   1      Trait1         69        -5.67719             24.5035    
             64      0   1      Trait1         70         15.5084             23.8538    
             65      0   1      Trait1         71         0.00000             25.1248    
             66      0   1      Trait1         72         0.00000             0.00000    
             67      0   1      Trait1         73         0.00000             0.00000    
             68      0   1      Trait1         74        -4.46608             22.7718    
             69      0   1      Trait1         75         4.83725             23.2806    
             70      0   1      Trait1         76        0.969929             24.8632    
             71      0   1      Trait1         77         0.00000             0.00000    
             72      0   1      Trait1         78         4.53439             24.5483    
             73      0   1      Trait1         79         0.00000             0.00000    
             74      0   1      Trait1         80       -0.133353             24.9464    
             75      0   1      Trait1         81         0.00000             0.00000    
             76      0   1      Trait1         82         0.00000             0.00000    
             77      0   1      Trait1         83         0.00000             0.00000    
             78      0   1      Trait1         84       -0.429070             24.7751    
             79      0   1      Trait1         85         0.00000             0.00000    
             80      0   1      Trait1         86         0.00000             0.00000    
             81      0   1      Trait1         87         0.00000             0.00000    
             82      0   1      Trait1         88         0.00000             0.00000    
             83      0   1      Trait1         89         3.03255             24.5873    
             84      0   1      Trait1         90         0.00000             0.00000    
             85      0   1      Trait1         91         0.00000             0.00000    
             86      0   1      Trait1         92         0.00000             0.00000    
             87      0   1      Trait1         93         0.00000             0.00000    
             88      0   1      Trait1         94         0.00000             0.00000    
             89      0   1      Trait1         95         0.00000             0.00000    
             90      0   1      Trait1         96         0.00000             0.00000    
             91      0   1      Trait1         97        -4.00869             24.8543    
             92      0   1      Trait1         98         0.00000             0.00000    
             93      0   1      Trait1         99         0.00000             0.00000    
             94      0   1      Trait1        100        -1.09681             25.0902    
             95      0   1      Trait1        101         0.00000             0.00000    
             96      0   1      Trait1        102         0.00000             0.00000    
             97      0   1      Trait1        103         0.00000             0.00000    
             98      0   1      Trait1        104         0.00000             0.00000    
             99      0   1      Trait1        105         0.00000             0.00000    
            100      0   1      Trait1        106         0.00000             0.00000    
            101      0   1      Trait1        107         0.00000             0.00000    
            102      0   1      Trait1        108         0.00000             0.00000    
1DMUAI                       Multivariate Mixed Model Package                  17-07-2023 - 15:20:28

           Code  N-obs Number   Trait       Eq-no         E_BLUP                 SEP                           
            103      0   1      Trait1        109         0.00000             0.00000    
            104      0   1      Trait1        110         0.00000             0.00000    
            105      0   1      Trait1        111         0.00000             0.00000    
            106      0   1      Trait1        112         0.00000             0.00000    
            107      0   1      Trait1        113         0.00000             0.00000    
            108      0   1      Trait1        114         0.00000             0.00000    
            109      0   1      Trait1        115         0.00000             0.00000    
            110      1   1      Trait1        116        -19.9127             22.9447    
            111      0   1      Trait1        117         0.00000             0.00000    
            112      0   1      Trait1        118         0.00000             25.1248    
            113      0   1      Trait1        119         0.00000             0.00000    
            114      0   1      Trait1        120         0.00000             0.00000    
            115      0   1      Trait1        121         0.00000             0.00000    
            116      0   1      Trait1        122         0.00000             0.00000    
            117      0   1      Trait1        123         0.00000             0.00000    
            118      0   1      Trait1        124         0.00000             0.00000    
            119      0   1      Trait1        125         0.00000             0.00000    
            120      0   1      Trait1        126         0.00000             0.00000    
            121      0   1      Trait1        127         2.18962             24.9539    
            122      0   1      Trait1        128         0.00000             0.00000    
            123      0   1      Trait1        129         0.00000             0.00000    
            124      0   1      Trait1        130         0.00000             0.00000    
            125      0   1      Trait1        131         0.00000             0.00000    
            126      0   1      Trait1        132         0.00000             0.00000    
            127      0   1      Trait1        133        -1.79338             24.8419    
            128      0   1      Trait1        134         0.00000             0.00000    
            129      0   1      Trait1        135         0.00000             0.00000    
            130      0   1      Trait1        136         0.00000             0.00000    
            131      0   1      Trait1        137         0.00000             0.00000    
            132      0   1      Trait1        138         0.00000             0.00000    
            133      0   1      Trait1        139         0.00000             0.00000    
            134      0   1      Trait1        140         0.00000             0.00000    
            135      0   1      Trait1        141         0.00000             0.00000    
            136      0   1      Trait1        142         0.00000             0.00000    
            137      0   1      Trait1        143         0.00000             0.00000    
            138      0   1      Trait1        144         0.00000             0.00000    
            139      0   1      Trait1        145         0.00000             0.00000    
            140      0   1      Trait1        146         0.00000             0.00000    
            141      0   1      Trait1        147         0.00000             0.00000    
            142      0   1      Trait1        148         0.00000             0.00000    
            143      0   1      Trait1        149         0.00000             0.00000    
            144      0   1      Trait1        150         0.00000             0.00000    
            145      0   1      Trait1        151         0.00000             0.00000    
            146      0   1      Trait1        152         0.00000             0.00000    
            147      0   1      Trait1        153         0.00000             0.00000    
            148      0   1      Trait1        154         0.00000             0.00000    
            149      0   1      Trait1        155         0.00000             0.00000    
            150      0   1      Trait1        156         0.00000             0.00000    
            151      0   1      Trait1        157         0.00000             0.00000    
            152      0   1      Trait1        158         0.00000             0.00000    
            153      0   1      Trait1        159         0.00000             0.00000    
            154      0   1      Trait1        160         0.00000             0.00000    
            155      0   1      Trait1        161         0.00000             0.00000    
            156      0   1      Trait1        162         0.00000             0.00000    
            157      0   1      Trait1        163         0.00000             0.00000    
            158      0   1      Trait1        164         0.00000             0.00000    
            159      0   1      Trait1        165         0.00000             0.00000    
            160      0   1      Trait1        166         0.00000             0.00000    
            161      0   1      Trait1        167         0.00000             0.00000    
            162      0   1      Trait1        168         0.00000             0.00000    
            163      0   1      Trait1        169         0.00000             0.00000    
            164      0   1      Trait1        170         0.00000             0.00000    
            165      0   1      Trait1        171         0.00000             0.00000    
            166      0   1      Trait1        172         1.52615             24.2593    
            167      0   1      Trait1        173         0.00000             0.00000    
            168      0   1      Trait1        174         0.00000             0.00000    
            169      0   1      Trait1        175         0.00000             0.00000    
            170      0   1      Trait1        176         0.00000             0.00000    
            171      0   1      Trait1        177         1.39528             24.5962    
            172      0   1      Trait1        178        -1.11802             25.1162    
            173      0   1      Trait1        179         0.00000             0.00000    
            174      0   1      Trait1        180         0.00000             0.00000    
            175      0   1      Trait1        181         0.00000             0.00000    
            176      0   1      Trait1        182         0.00000             0.00000    
1DMUAI                       Multivariate Mixed Model Package                  17-07-2023 - 15:20:28

           Code  N-obs Number   Trait       Eq-no         E_BLUP                 SEP                           
            177      0   1      Trait1        183         8.44081             24.4445    
            178      0   1      Trait1        184       -0.800775             25.0802    
            179      0   1      Trait1        185        -1.72574             24.9627    
            180      0   1      Trait1        186        -1.67648             24.6039    
            181      0   1      Trait1        187         0.00000             25.1248    
            182      0   1      Trait1        188         0.00000             0.00000    
            183      0   1      Trait1        189         0.00000             0.00000    
            184      0   1      Trait1        190         0.00000             0.00000    
            185      0   1      Trait1        191         0.00000             0.00000    
            186      0   1      Trait1        192        -1.88940             24.9878    
            187      0   1      Trait1        193         0.00000             0.00000    
            188      0   1      Trait1        194       -0.881681             25.0908    
            189      0   1      Trait1        195       -0.185474             25.0902    
            190      0   1      Trait1        196        -4.82620             24.9357    
            191      0   1      Trait1        197         0.00000             0.00000    
            192      0   1      Trait1        198         0.00000             0.00000    
            193      0   1      Trait1        199        -4.13485             24.9862    
            194      0   1      Trait1        200         0.00000             0.00000    
            195      0   1      Trait1        201       -0.489649E-01         25.0903    
            196      0   1      Trait1        202       -0.824379             25.1136    
            197      0   1      Trait1        203         0.00000             0.00000    
            198      0   1      Trait1        204        -1.28594             25.0900    
            199      0   1      Trait1        205         0.00000             25.1248    
            200      0   1      Trait1        206         0.00000             0.00000    
            201      0   1      Trait1        207         0.00000             25.1248    
            202      0   1      Trait1        208        0.873003             25.0563    
            203      0   1      Trait1        209        -4.00929             24.8862    
            204      0   1      Trait1        210         0.00000             0.00000    
            205      0   1      Trait1        211         0.00000             0.00000    
            206      0   1      Trait1        212         1.44521             24.9575    
            207      0   1      Trait1        213         8.40557             24.7547    
            208      0   1      Trait1        214         0.00000             0.00000    
            209      0   1      Trait1        215         0.00000             0.00000    
            210      0   1      Trait1        216         3.07760             24.9582    
            211      0   1      Trait1        217       -0.377906             24.9249    
            212      0   1      Trait1        218         0.00000             25.1248    
            213      0   1      Trait1        219         0.00000             0.00000    
            214      0   1      Trait1        220        -2.80833             25.0820    
            215      0   1      Trait1        221         0.00000             0.00000    
            216      0   1      Trait1        222         0.00000             0.00000    
            217      0   1      Trait1        223         11.4542             24.5038    
            218      0   1      Trait1        224       -0.973208             25.0908    
            219      0   1      Trait1        225        -2.49928             24.9880    
            220      0   1      Trait1        226         0.00000             0.00000    
            221      0   1      Trait1        227         0.00000             25.1248    
            222      0   1      Trait1        228         0.00000             0.00000    
            223      0   1      Trait1        229         2.03840             24.9877    
            224      0   1      Trait1        230        0.302962             25.1161    
            225      0   1      Trait1        231         0.00000             0.00000    
            226      0   1      Trait1        232         0.00000             0.00000    
            227      0   1      Trait1        233         0.00000             0.00000    
            228      0   1      Trait1        234         0.00000             0.00000    
            229      0   1      Trait1        235        -3.69140             24.9539    
            230      0   1      Trait1        236        0.921714E-02         24.9564    
            231      0   1      Trait1        237        -5.42153             24.3383    
            232      0   1      Trait1        238         0.00000             0.00000    
            233      0   1      Trait1        239         0.00000             0.00000    
            234      0   1      Trait1        240         0.00000             0.00000    
            235      0   1      Trait1        241         0.00000             0.00000    
            236      0   1      Trait1        242         0.00000             0.00000    
            237      0   1      Trait1        243         0.00000             0.00000    
            238      0   1      Trait1        244         0.00000             0.00000    
            239      0   1      Trait1        245         0.00000             0.00000    
            240      0   1      Trait1        246         0.00000             25.1248    
            241      0   1      Trait1        247       -0.940612             25.0833    
            242      0   1      Trait1        248       -0.404811E-02         25.0813    
            243      0   1      Trait1        249         1.80386             24.9447    
            244      0   1      Trait1        250         0.00000             25.1248    
            245      0   1      Trait1        251        0.442951             24.9860    
            246      0   1      Trait1        252        0.530722             25.0912    
            247      0   1      Trait1        253         0.00000             25.1248    
            248      0   1      Trait1        254       -0.537005             24.0760    
            249      0   1      Trait1        255         0.00000             0.00000    
            250      0   1      Trait1        256         6.36334             24.4116    
